<?xml version="1.0" encoding="UTF-8" ?>
<testsuite tests="126" failures="3" name="api.DataProviderCSVTest" time="20.87" errors="0" skipped="0">
  <properties>
[...]
</properties>
  <testcase classname="api.DataProviderCSVTest" name="testEditHospitalizationSuccess" time="3.252"/>
  <testcase classname="api.DataProviderCSVTest" name="testDeleteMedicalInsuranceSuccess" time="0.256"/>
  <testcase classname="api.DataProviderCSVTest" name="testUpdateHospitalizationFail" time="0.19"/>
  <testcase classname="api.DataProviderCSVTest" name="testGetMedicalInsuranceFail" time="0.198"/>
  <testcase classname="api.DataProviderCSVTest" name="testGetNextPaymentFail" time="0.275"/>
  <testcase classname="api.DataProviderCSVTest" name="testGetNextDiagnosisFail" time="0.607"/>
  <testcase classname="api.DataProviderCSVTest" name="testGetStatisticsFail" time="0.12"/>
  <testcase classname="api.DataProviderCSVTest" name="testUpdateMedicalInsuranceFail" time="0.222"/>
  <testcase classname="api.DataProviderCSVTest" name="testDeleteAppointmentFail" time="0.186"/>
  <testcase classname="api.DataProviderCSVTest" name="testDeleteHospitalizationSuccess" time="0.181"/>
  <testcase classname="api.DataProviderCSVTest" name="testCreateHospitalFail" time="0.089"/>
  <testcase classname="api.DataProviderCSVTest" name="testGetSurveySuccess" time="0.136"/>
  <testcase classname="api.DataProviderCSVTest" name="testDeletePatientFail" time="0.126"/>
  <testcase classname="api.DataProviderCSVTest" name="testCreateAppointmentFail" time="0.211"/>
  <testcase classname="api.DataProviderCSVTest" name="testDeleteDiagnosisSuccess" time="0.156"/>
  <testcase classname="api.DataProviderCSVTest" name="testDeleteHospitalSuccess" time="0.155"/>
  <testcase classname="api.DataProviderCSVTest" name="testDischargedSuccess" time="0.129"/>
  <testcase classname="api.DataProviderCSVTest" name="testDeleteEmployeeSuccess" time="0.115"/>
  <testcase classname="api.DataProviderCSVTest" name="testDeleteSurveySuccess" time="0.152"/>
  <testcase classname="api.DataProviderCSVTest" name="testGetAppointmentSuccess" time="0.106"/>
  <testcase classname="api.DataProviderCSVTest" name="testPayTheBillSuccess" time="0.465"/>
  <testcase classname="api.DataProviderCSVTest" name="testCreateHospitalSuccess" time="0.13"/>
  <testcase classname="api.DataProviderCSVTest" name="testCreateEmployeeSuccess" time="0.114"/>
  <testcase classname="api.DataProviderCSVTest" name="testCreateEmployeeFail" time="0.072"/>
  <testcase classname="api.DataProviderCSVTest" name="testGetNextMedicalInsuranceFail" time="0.082"/>
  <testcase classname="api.DataProviderCSVTest" name="testGetHospitalizationSuccess" time="0.113"/>
  <testcase classname="api.DataProviderCSVTest" name="testGetPatientFail" time="0.069"/>
  <testcase classname="api.DataProviderCSVTest" name="testGetNextAppointmentFail" time="0.145"/>
  <testcase classname="api.DataProviderCSVTest" name="testCreatePaymentSuccess" time="0.307"/>
  <testcase classname="api.DataProviderCSVTest" name="testFindDateFail" time="0.079"/>
  <testcase classname="api.DataProviderCSVTest" name="testUpdateSurveySuccess" time="0.114"/>
  <testcase classname="api.DataProviderCSVTest" name="testGetStatisticsSuccess" time="0.117">
    <failure message="Values should be different. Actual: Optional.empty" type="java.lang.AssertionError">java.lang.AssertionError: Values should be different. Actual: Optional.empty
	at org.junit.Assert.fail(Assert.java:88)
	at org.junit.Assert.failEquals(Assert.java:185)
	at org.junit.Assert.assertNotEquals(Assert.java:161)
	at org.junit.Assert.assertNotEquals(Assert.java:175)
	at api.DataProviderCSVTest.testGetStatisticsSuccess(DataProviderCSVTest.java:142)
	at java.base/jdk.internal.reflect.NativeMethodAccessorImpl.invoke0(Native Method)
	at java.base/jdk.internal.reflect.NativeMethodAccessorImpl.invoke(NativeMethodAccessorImpl.java:62)
	at java.base/jdk.internal.reflect.DelegatingMethodAccessorImpl.invoke(DelegatingMethodAccessorImpl.java:43)
	at java.base/java.lang.reflect.Method.invoke(Method.java:567)
	at org.junit.runners.model.FrameworkMethod$1.runReflectiveCall(FrameworkMethod.java:50)
	at org.junit.internal.runners.model.ReflectiveCallable.run(ReflectiveCallable.java:12)
	at org.junit.runners.model.FrameworkMethod.invokeExplosively(FrameworkMethod.java:47)
	at org.junit.internal.runners.statements.InvokeMethod.evaluate(InvokeMethod.java:17)
	at org.junit.internal.runners.statements.RunBefores.evaluate(RunBefores.java:26)
	at org.junit.runners.ParentRunner.runLeaf(ParentRunner.java:325)
	at org.junit.runners.BlockJUnit4ClassRunner.runChild(BlockJUnit4ClassRunner.java:78)
	at org.junit.runners.BlockJUnit4ClassRunner.runChild(BlockJUnit4ClassRunner.java:57)
	at org.junit.runners.ParentRunner$3.run(ParentRunner.java:290)
	at org.junit.runners.ParentRunner$1.schedule(ParentRunner.java:71)
	at org.junit.runners.ParentRunner.runChildren(ParentRunner.java:288)
	at org.junit.runners.ParentRunner.access$000(ParentRunner.java:58)
	at org.junit.runners.ParentRunner$2.evaluate(ParentRunner.java:268)
	at org.junit.runners.ParentRunner.run(ParentRunner.java:363)
	at org.apache.maven.surefire.junit4.JUnit4Provider.execute(JUnit4Provider.java:252)
	at org.apache.maven.surefire.junit4.JUnit4Provider.executeTestSet(JUnit4Provider.java:141)
	at org.apache.maven.surefire.junit4.JUnit4Provider.invoke(JUnit4Provider.java:112)
	at java.base/jdk.internal.reflect.NativeMethodAccessorImpl.invoke0(Native Method)
	at java.base/jdk.internal.reflect.NativeMethodAccessorImpl.invoke(NativeMethodAccessorImpl.java:62)
	at java.base/jdk.internal.reflect.DelegatingMethodAccessorImpl.invoke(DelegatingMethodAccessorImpl.java:43)
	at java.base/java.lang.reflect.Method.invoke(Method.java:567)
	at org.apache.maven.surefire.util.ReflectionUtils.invokeMethodWithArray(ReflectionUtils.java:189)
	at org.apache.maven.surefire.booter.ProviderFactory$ProviderProxy.invoke(ProviderFactory.java:165)
	at org.apache.maven.surefire.booter.ProviderFactory.invokeProvider(ProviderFactory.java:85)
	at org.apache.maven.surefire.booter.ForkedBooter.runSuitesInProcess(ForkedBooter.java:115)
	at org.apache.maven.surefire.booter.ForkedBooter.main(ForkedBooter.java:75)
</failure>
    <system-out>2021-03-08 20:12:13 DEBUG Main:566 - 0
2021-03-08 20:12:13 INFO  Main:572 - The record exists 
2021-03-08 20:12:13 DEBUG Main:656 - 0
2021-03-08 20:12:13 INFO  Main:662 - The record exists 
2021-03-08 20:12:13 DEBUG Main:757 - 0
2021-03-08 20:12:13 INFO  Main:763 - The record exists 
2021-03-08 20:12:13 DEBUG Main:870 - 0
2021-03-08 20:12:13 INFO  Main:876 - The record exists 
2021-03-08 20:12:13 DEBUG Main:976 - 0
2021-03-08 20:12:13 INFO  Main:982 - The record exists 
2021-03-08 20:12:13 DEBUG Main:1364 - 0
2021-03-08 20:12:13 INFO  Main:1370 - The record exists 
2021-03-08 20:12:13 DEBUG Main:1275 - 0
2021-03-08 20:12:13 INFO  Main:1281 - The record exists 
2021-03-08 20:12:13 DEBUG Main:1176 - 0
2021-03-08 20:12:13 INFO  Main:1182 - The record exists 
2021-03-08 20:12:13 DEBUG Main:1078 - 0
2021-03-08 20:12:13 INFO  Main:1084 - The record exists 
2021-03-08 20:12:13 INFO  Main:209 - Original information:1
2021-03-08 20:12:13 INFO  Main:230 - Nothing is known about this diagnosis
</system-out>
  </testcase>
  <testcase classname="api.DataProviderCSVTest" name="testGetNextAppointmentSuccess" time="0.085"/>
  <testcase classname="api.DataProviderCSVTest" name="testConfirmValidFail" time="0.097"/>
  <testcase classname="api.DataProviderCSVTest" name="testGetNextHospitalSuccess" time="0.088"/>
  <testcase classname="api.DataProviderCSVTest" name="testGetNextEmployeeSuccess" time="0.07"/>
  <testcase classname="api.DataProviderCSVTest" name="testGetPaymentSuccess" time="0.136"/>
  <testcase classname="api.DataProviderCSVTest" name="testDynamicsCalculationSuccess" time="0.133">
    <failure message="Values should be different. Actual: Optional.empty" type="java.lang.AssertionError">java.lang.AssertionError: Values should be different. Actual: Optional.empty
	at org.junit.Assert.fail(Assert.java:88)
	at org.junit.Assert.failEquals(Assert.java:185)
	at org.junit.Assert.assertNotEquals(Assert.java:161)
	at org.junit.Assert.assertNotEquals(Assert.java:175)
	at api.DataProviderCSVTest.testDynamicsCalculationSuccess(DataProviderCSVTest.java:126)
	at java.base/jdk.internal.reflect.NativeMethodAccessorImpl.invoke0(Native Method)
	at java.base/jdk.internal.reflect.NativeMethodAccessorImpl.invoke(NativeMethodAccessorImpl.java:62)
	at java.base/jdk.internal.reflect.DelegatingMethodAccessorImpl.invoke(DelegatingMethodAccessorImpl.java:43)
	at java.base/java.lang.reflect.Method.invoke(Method.java:567)
	at org.junit.runners.model.FrameworkMethod$1.runReflectiveCall(FrameworkMethod.java:50)
	at org.junit.internal.runners.model.ReflectiveCallable.run(ReflectiveCallable.java:12)
	at org.junit.runners.model.FrameworkMethod.invokeExplosively(FrameworkMethod.java:47)
	at org.junit.internal.runners.statements.InvokeMethod.evaluate(InvokeMethod.java:17)
	at org.junit.internal.runners.statements.RunBefores.evaluate(RunBefores.java:26)
	at org.junit.runners.ParentRunner.runLeaf(ParentRunner.java:325)
	at org.junit.runners.BlockJUnit4ClassRunner.runChild(BlockJUnit4ClassRunner.java:78)
	at org.junit.runners.BlockJUnit4ClassRunner.runChild(BlockJUnit4ClassRunner.java:57)
	at org.junit.runners.ParentRunner$3.run(ParentRunner.java:290)
	at org.junit.runners.ParentRunner$1.schedule(ParentRunner.java:71)
	at org.junit.runners.ParentRunner.runChildren(ParentRunner.java:288)
	at org.junit.runners.ParentRunner.access$000(ParentRunner.java:58)
	at org.junit.runners.ParentRunner$2.evaluate(ParentRunner.java:268)
	at org.junit.runners.ParentRunner.run(ParentRunner.java:363)
	at org.apache.maven.surefire.junit4.JUnit4Provider.execute(JUnit4Provider.java:252)
	at org.apache.maven.surefire.junit4.JUnit4Provider.executeTestSet(JUnit4Provider.java:141)
	at org.apache.maven.surefire.junit4.JUnit4Provider.invoke(JUnit4Provider.java:112)
	at java.base/jdk.internal.reflect.NativeMethodAccessorImpl.invoke0(Native Method)
	at java.base/jdk.internal.reflect.NativeMethodAccessorImpl.invoke(NativeMethodAccessorImpl.java:62)
	at java.base/jdk.internal.reflect.DelegatingMethodAccessorImpl.invoke(DelegatingMethodAccessorImpl.java:43)
	at java.base/java.lang.reflect.Method.invoke(Method.java:567)
	at org.apache.maven.surefire.util.ReflectionUtils.invokeMethodWithArray(ReflectionUtils.java:189)
	at org.apache.maven.surefire.booter.ProviderFactory$ProviderProxy.invoke(ProviderFactory.java:165)
	at org.apache.maven.surefire.booter.ProviderFactory.invokeProvider(ProviderFactory.java:85)
	at org.apache.maven.surefire.booter.ForkedBooter.runSuitesInProcess(ForkedBooter.java:115)
	at org.apache.maven.surefire.booter.ForkedBooter.main(ForkedBooter.java:75)
</failure>
    <system-out>2021-03-08 20:12:13 DEBUG Main:566 - 0
2021-03-08 20:12:13 INFO  Main:572 - The record exists 
2021-03-08 20:12:13 DEBUG Main:656 - 0
2021-03-08 20:12:13 INFO  Main:662 - The record exists 
2021-03-08 20:12:13 DEBUG Main:757 - 0
2021-03-08 20:12:13 INFO  Main:763 - The record exists 
2021-03-08 20:12:13 DEBUG Main:870 - 0
2021-03-08 20:12:13 INFO  Main:876 - The record exists 
2021-03-08 20:12:13 DEBUG Main:976 - 0
2021-03-08 20:12:13 INFO  Main:982 - The record exists 
2021-03-08 20:12:13 DEBUG Main:1364 - 0
2021-03-08 20:12:13 INFO  Main:1370 - The record exists 
2021-03-08 20:12:13 DEBUG Main:1275 - 0
2021-03-08 20:12:13 INFO  Main:1281 - The record exists 
2021-03-08 20:12:13 DEBUG Main:1176 - 0
2021-03-08 20:12:13 INFO  Main:1182 - The record exists 
2021-03-08 20:12:13 DEBUG Main:1078 - 0
2021-03-08 20:12:13 INFO  Main:1084 - The record exists 
2021-03-08 20:12:13 DEBUG Main:176 - Original information:Neurosis 1
2021-03-08 20:12:13 DEBUG Main:198 - Nothing is known about this diagnosis
</system-out>
  </testcase>
  <testcase classname="api.DataProviderCSVTest" name="testSetUpSuccess" time="0.142"/>
  <testcase classname="api.DataProviderCSVTest" name="testGetDiagnosisFail" time="0.086"/>
  <testcase classname="api.DataProviderCSVTest" name="testCreatePatientFail" time="0.073"/>
  <testcase classname="api.DataProviderCSVTest" name="testDeletePaymentSuccess" time="0.107"/>
  <testcase classname="api.DataProviderCSVTest" name="testDeleteDiagnosisFail" time="0.088"/>
  <testcase classname="api.DataProviderCSVTest" name="testGetNextMedicalInsuranceSuccess" time="0.073"/>
  <testcase classname="api.DataProviderCSVTest" name="testGetDiagnosisSuccess" time="0.076"/>
  <testcase classname="api.DataProviderCSVTest" name="testDeleteMedicalInsuranceFail" time="0.11"/>
  <testcase classname="api.DataProviderCSVTest" name="testDeleteHospitalFail" time="0.076"/>
  <testcase classname="api.DataProviderCSVTest" name="testUpdatePaymentFail" time="0.095"/>
  <testcase classname="api.DataProviderCSVTest" name="testEditMedicalInsuranceSuccess" time="0.142"/>
  <testcase classname="api.DataProviderCSVTest" name="testUpdateDiagnosisFail" time="0.099"/>
  <testcase classname="api.DataProviderCSVTest" name="testGetHospitalFail" time="0.096"/>
  <testcase classname="api.DataProviderCSVTest" name="testUpdateAppointmentFail" time="0.092"/>
  <testcase classname="api.DataProviderCSVTest" name="testRegisterServiceFail" time="0.148"/>
  <testcase classname="api.DataProviderCSVTest" name="testEditDiagnosisSuccess" time="0.177"/>
  <testcase classname="api.DataProviderCSVTest" name="testDeleteEmployeeFail" time="0.106"/>
  <testcase classname="api.DataProviderCSVTest" name="testUpdateHospitalFail" time="0.086"/>
  <testcase classname="api.DataProviderCSVTest" name="testUpdateEmployeeSuccess" time="0.13"/>
  <testcase classname="api.DataProviderCSVTest" name="testGetEmployeeFail" time="0.094"/>
  <testcase classname="api.DataProviderCSVTest" name="testGetNextSurveyFail" time="0.094"/>
  <testcase classname="api.DataProviderCSVTest" name="testAutoSelectionSuccess" time="0.207"/>
  <testcase classname="api.DataProviderCSVTest" name="testGetNextPaymentSuccess" time="0.086"/>
  <testcase classname="api.DataProviderCSVTest" name="testUpdateEmployeeFail" time="0.084"/>
  <testcase classname="api.DataProviderCSVTest" name="testDynamicsCalculationFail" time="0.145"/>
  <testcase classname="api.DataProviderCSVTest" name="testUpdateAppointmentSuccess" time="0.139"/>
  <testcase classname="api.DataProviderCSVTest" name="testCreateMedicalInsuranceSuccess" time="0.244"/>
  <testcase classname="api.DataProviderCSVTest" name="testGetNextHospitalizationSuccess" time="0.085"/>
  <testcase classname="api.DataProviderCSVTest" name="testEditPaymentSuccess" time="0.12"/>
  <testcase classname="api.DataProviderCSVTest" name="testGetNextPatientFail" time="0.08"/>
  <testcase classname="api.DataProviderCSVTest" name="testCreateSurveyFail" time="0.133"/>
  <testcase classname="api.DataProviderCSVTest" name="testChangeServiceStatusSuccess" time="0.132"/>
  <testcase classname="api.DataProviderCSVTest" name="testCalculateIncomeFail" time="0.096"/>
  <testcase classname="api.DataProviderCSVTest" name="testGetHospitalizationFail" time="0.083"/>
  <testcase classname="api.DataProviderCSVTest" name="testCreateSurveySuccess" time="0.326"/>
  <testcase classname="api.DataProviderCSVTest" name="testCalculateIncomeSuccess" time="0.134">
    <failure message="Values should be different. Actual: 0" type="java.lang.AssertionError">java.lang.AssertionError: Values should be different. Actual: 0
	at org.junit.Assert.fail(Assert.java:88)
	at org.junit.Assert.failEquals(Assert.java:185)
	at org.junit.Assert.assertNotEquals(Assert.java:199)
	at org.junit.Assert.assertNotEquals(Assert.java:211)
	at api.DataProviderCSVTest.testCalculateIncomeSuccess(DataProviderCSVTest.java:109)
	at java.base/jdk.internal.reflect.NativeMethodAccessorImpl.invoke0(Native Method)
	at java.base/jdk.internal.reflect.NativeMethodAccessorImpl.invoke(NativeMethodAccessorImpl.java:62)
	at java.base/jdk.internal.reflect.DelegatingMethodAccessorImpl.invoke(DelegatingMethodAccessorImpl.java:43)
	at java.base/java.lang.reflect.Method.invoke(Method.java:567)
	at org.junit.runners.model.FrameworkMethod$1.runReflectiveCall(FrameworkMethod.java:50)
	at org.junit.internal.runners.model.ReflectiveCallable.run(ReflectiveCallable.java:12)
	at org.junit.runners.model.FrameworkMethod.invokeExplosively(FrameworkMethod.java:47)
	at org.junit.internal.runners.statements.InvokeMethod.evaluate(InvokeMethod.java:17)
	at org.junit.internal.runners.statements.RunBefores.evaluate(RunBefores.java:26)
	at org.junit.runners.ParentRunner.runLeaf(ParentRunner.java:325)
	at org.junit.runners.BlockJUnit4ClassRunner.runChild(BlockJUnit4ClassRunner.java:78)
	at org.junit.runners.BlockJUnit4ClassRunner.runChild(BlockJUnit4ClassRunner.java:57)
	at org.junit.runners.ParentRunner$3.run(ParentRunner.java:290)
	at org.junit.runners.ParentRunner$1.schedule(ParentRunner.java:71)
	at org.junit.runners.ParentRunner.runChildren(ParentRunner.java:288)
	at org.junit.runners.ParentRunner.access$000(ParentRunner.java:58)
	at org.junit.runners.ParentRunner$2.evaluate(ParentRunner.java:268)
	at org.junit.runners.ParentRunner.run(ParentRunner.java:363)
	at org.apache.maven.surefire.junit4.JUnit4Provider.execute(JUnit4Provider.java:252)
	at org.apache.maven.surefire.junit4.JUnit4Provider.executeTestSet(JUnit4Provider.java:141)
	at org.apache.maven.surefire.junit4.JUnit4Provider.invoke(JUnit4Provider.java:112)
	at java.base/jdk.internal.reflect.NativeMethodAccessorImpl.invoke0(Native Method)
	at java.base/jdk.internal.reflect.NativeMethodAccessorImpl.invoke(NativeMethodAccessorImpl.java:62)
	at java.base/jdk.internal.reflect.DelegatingMethodAccessorImpl.invoke(DelegatingMethodAccessorImpl.java:43)
	at java.base/java.lang.reflect.Method.invoke(Method.java:567)
	at org.apache.maven.surefire.util.ReflectionUtils.invokeMethodWithArray(ReflectionUtils.java:189)
	at org.apache.maven.surefire.booter.ProviderFactory$ProviderProxy.invoke(ProviderFactory.java:165)
	at org.apache.maven.surefire.booter.ProviderFactory.invokeProvider(ProviderFactory.java:85)
	at org.apache.maven.surefire.booter.ForkedBooter.runSuitesInProcess(ForkedBooter.java:115)
	at org.apache.maven.surefire.booter.ForkedBooter.main(ForkedBooter.java:75)
</failure>
    <system-out>2021-03-08 20:12:17 DEBUG Main:566 - 0
2021-03-08 20:12:17 INFO  Main:572 - The record exists 
2021-03-08 20:12:17 DEBUG Main:656 - 0
2021-03-08 20:12:17 INFO  Main:662 - The record exists 
2021-03-08 20:12:17 DEBUG Main:757 - 0
2021-03-08 20:12:17 INFO  Main:763 - The record exists 
2021-03-08 20:12:17 DEBUG Main:870 - 0
2021-03-08 20:12:18 INFO  Main:876 - The record exists 
2021-03-08 20:12:18 DEBUG Main:976 - 0
2021-03-08 20:12:18 INFO  Main:982 - The record exists 
2021-03-08 20:12:18 DEBUG Main:1364 - 0
2021-03-08 20:12:18 INFO  Main:1370 - The record exists 
2021-03-08 20:12:18 DEBUG Main:1275 - 0
2021-03-08 20:12:18 INFO  Main:1281 - The record exists 
2021-03-08 20:12:18 DEBUG Main:1176 - 0
2021-03-08 20:12:18 INFO  Main:1182 - The record exists 
2021-03-08 20:12:18 DEBUG Main:1078 - 0
2021-03-08 20:12:18 INFO  Main:1084 - The record exists 
2021-03-08 20:12:18 DEBUG Main:149 - Original information:1
2021-03-08 20:12:18 DEBUG Main:165 - Execution result: 0
</system-out>
  </testcase>
  <testcase classname="api.DataProviderCSVTest" name="testGetAppointmentFail" time="0.124"/>
  <testcase classname="api.DataProviderCSVTest" name="testUpdatePatientSuccess" time="0.148"/>
  <testcase classname="api.DataProviderCSVTest" name="testFindDateSuccess" time="0.125"/>
  <testcase classname="api.DataProviderCSVTest" name="testDeletePaymentFail" time="0.128"/>
  <testcase classname="api.DataProviderCSVTest" name="testRegisterServiceSuccess" time="0.439"/>
  <testcase classname="api.DataProviderCSVTest" name="getAmountOfAppointmentsFail" time="0.117"/>
  <testcase classname="api.DataProviderCSVTest" name="testGetNextHospitalFail" time="0.162"/>
  <testcase classname="api.DataProviderCSVTest" name="testGetHospitalSuccess" time="0.127"/>
  <testcase classname="api.DataProviderCSVTest" name="testGetEmployeeSuccess" time="0.114"/>
  <testcase classname="api.DataProviderCSVTest" name="testViewHistoryFail" time="0.079"/>
  <testcase classname="api.DataProviderCSVTest" name="testGetNextHospitalizationFail" time="0.136"/>
  <testcase classname="api.DataProviderCSVTest" name="testCreateDiagnosisSuccess" time="0.237"/>
  <testcase classname="api.DataProviderCSVTest" name="testGetPaymentFail" time="0.11"/>
  <testcase classname="api.DataProviderCSVTest" name="testAutoSelectionFail" time="0.148"/>
  <testcase classname="api.DataProviderCSVTest" name="testHospitalizeFail" time="0.105"/>
  <testcase classname="api.DataProviderCSVTest" name="testCreatePatientSuccess" time="0.108"/>
  <testcase classname="api.DataProviderCSVTest" name="testGetSurveyFail" time="0.098"/>
  <testcase classname="api.DataProviderCSVTest" name="testGetNextEmployeeFail" time="0.098"/>
  <testcase classname="api.DataProviderCSVTest" name="testDeleteSurveyFail" time="0.139"/>
  <testcase classname="api.DataProviderCSVTest" name="testCreateDiagnosisFail" time="0.091"/>
  <testcase classname="api.DataProviderCSVTest" name="testGetCalendarFail" time="0.1"/>
  <testcase classname="api.DataProviderCSVTest" name="testEditHospitalSuccess" time="0.126"/>
  <testcase classname="api.DataProviderCSVTest" name="testGetPatientSuccess" time="0.143"/>
  <testcase classname="api.DataProviderCSVTest" name="testGetCalendarSuccess" time="0.096"/>
  <testcase classname="api.DataProviderCSVTest" name="testChangeServiceStatusFail" time="0.129"/>
  <testcase classname="api.DataProviderCSVTest" name="testCreatePaymentFail" time="0.108"/>
  <testcase classname="api.DataProviderCSVTest" name="testCheckDateSuccess" time="0.116"/>
  <testcase classname="api.DataProviderCSVTest" name="testConfirmValidSuccess" time="0.197"/>
  <testcase classname="api.DataProviderCSVTest" name="testUpdateSurveyFail" time="0.097"/>
  <testcase classname="api.DataProviderCSVTest" name="testSetUpFail" time="0.209"/>
  <testcase classname="api.DataProviderCSVTest" name="testDeletePatientSuccess" time="0.152"/>
  <testcase classname="api.DataProviderCSVTest" name="testHospitalizeSuccess" time="0.293"/>
  <testcase classname="api.DataProviderCSVTest" name="testUpdatePatientFail" time="0.099"/>
  <testcase classname="api.DataProviderCSVTest" name="testViewHistorySuccess" time="0.153"/>
  <testcase classname="api.DataProviderCSVTest" name="testDeleteHospitalizationFail" time="0.094"/>
  <testcase classname="api.DataProviderCSVTest" name="testPayTheBillFail" time="0.086"/>
  <testcase classname="api.DataProviderCSVTest" name="testConfirmInsuranceFail" time="0.11"/>
  <testcase classname="api.DataProviderCSVTest" name="testCreateAppointmentSuccess" time="0.157"/>
  <testcase classname="api.DataProviderCSVTest" name="testGetNextSurveySuccess" time="0.121"/>
  <testcase classname="api.DataProviderCSVTest" name="testGetNextDiagnosisSuccess" time="0.113"/>
  <testcase classname="api.DataProviderCSVTest" name="testCheckDateFail" time="0.086"/>
  <testcase classname="api.DataProviderCSVTest" name="testSetWardFail" time="0.096"/>
  <testcase classname="api.DataProviderCSVTest" name="getAmountOfAppointmentsSuccessful" time="0.142"/>
  <testcase classname="api.DataProviderCSVTest" name="testConfirmInsuranceSuccess" time="0.478"/>
  <testcase classname="api.DataProviderCSVTest" name="testCreateHospitalizationSuccess" time="0.276"/>
  <testcase classname="api.DataProviderCSVTest" name="testDischargedFail" time="0.158"/>
  <testcase classname="api.DataProviderCSVTest" name="testGetMedicalInsuranceSuccess" time="0.094"/>
  <testcase classname="api.DataProviderCSVTest" name="testDeleteAppointmentSuccess" time="0.099"/>
  <testcase classname="api.DataProviderCSVTest" name="testCreateMedicalInsuranceFail" time="0.096"/>
  <testcase classname="api.DataProviderCSVTest" name="testGetNextPatientSuccess" time="0.067"/>
  <testcase classname="api.DataProviderCSVTest" name="testSetWardSuccess" time="0.075"/>
  <testcase classname="api.DataProviderCSVTest" name="testCreateHospitalizationFail" time="0.109"/>
</testsuite>